<html>
<head>
<title>TestNG:  searchMovies</title>
<link href="../testng.css" rel="stylesheet" type="text/css" />
<link href="../my-testng.css" rel="stylesheet" type="text/css" />

<style type="text/css">
.log { display: none;} 
.stack-trace { display: none;} 
</style>
<script type="text/javascript">
<!--
function flip(e) {
  current = e.style.display;
  if (current == 'block') {
    e.style.display = 'none';
    return 0;
  }
  else {
    e.style.display = 'block';
    return 1;
  }
}

function toggleBox(szDivId, elem, msg1, msg2)
{
  var res = -1;  if (document.getElementById) {
    res = flip(document.getElementById(szDivId));
  }
  else if (document.all) {
    // this is the way old msie versions work
    res = flip(document.all[szDivId]);
  }
  if(elem) {
    if(res == 0) elem.innerHTML = msg1; else elem.innerHTML = msg2;
  }

}

function toggleAllBoxes() {
  if (document.getElementsByTagName) {
    d = document.getElementsByTagName('div');
    for (i = 0; i < d.length; i++) {
      if (d[i].className == 'log') {
        flip(d[i]);
      }
    }
  }
}

// -->
</script>

</head>
<body>
<h2 align='center'>searchMovies</h2><table border='1' align="center">
<tr>
<td>Tests passed/Failed/Skipped:</td><td>0/0/1</td>
</tr><tr>
<td>Started on:</td><td>Tue Feb 14 20:49:22 PST 2017</td>
</tr>
<tr><td>Total time:</td><td>16 seconds (16203 ms)</td>
</tr><tr>
<td>Included groups:</td><td></td>
</tr><tr>
<td>Excluded groups:</td><td></td>
</tr>
</table><p/>
<small><i>(Hover the method name to see the test class name)</i></small><p/>
<table width='100%' border='1' class='invocation-skipped'>
<tr><td colspan='4' align='center'><b>SKIPPED TESTS</b></td></tr>
<tr><td><b>Test method</b></td>
<td width="30%"><b>Exception</b></td>
<td width="10%"><b>Time (seconds)</b></td>
<td><b>Instance</b></td>
</tr>
<tr>
<td title='rest.automation.netflix.TestClass.TestValidateResponse()'><b>TestValidateResponse</b><br>Test class: rest.automation.netflix.TestClass</td>
<td><div><pre>java.lang.RuntimeException: mapping values are not allowed here
 in &quot;&lt;reader&gt;&quot;, line 3, column 11:
    testObject:
              ^

Caused by: mapping values are not allowed here
 in &quot;&lt;reader&gt;&quot;, line 3, column 11:
    testObject:
              ^

	at org.yaml.snakeyaml.scanner.ScannerImpl.fetchValue(ScannerImpl.java:742)
	at org.yaml.snakeyaml.scanner.ScannerImpl.fetchMoreTokens(ScannerImpl.java:304)
	at org.yaml.snakeyaml.scanner.ScannerImpl.peekToken(ScannerImpl.java:201)
	at org.yaml.snakeyaml.parser.ParserImpl$ParseDocumentEnd.produce(ParserImpl.java:266)
	at org.yaml.snakeyaml.parser.ParserImpl.peekEvent(ParserImpl.java:162)
	at org.yaml.snakeyaml.parser.ParserImpl.getEvent(ParserImpl.java:172)
	at org.yaml.snakeyaml.composer.Composer.composeDocument(Composer.java:123)
	at org.yaml.snakeyaml.composer.Composer.getNode(Composer.java:83)
	at org.yaml.snakeyaml.constructor.BaseConstructor.getData(BaseConstructor.java:101)
	at org.yaml.snakeyaml.Loader$1.next(Loader.java:64)
	at rest.automation.netflix.BaseYAMLDataProvider.&lt;init&gt;(BaseYAMLDataProvider.java:47)
	at rest.automation.netflix.NetflixYamlProvider.&lt;init&gt;(NetflixYamlProvider.java:24)
	at rest.automation.netflix.NetflixYamlProvider.getNetflixTestData(NetflixYamlProvider.java:79)
	at rest.automation.netflix.Dataprovider.getTestDataFromYaml(Dataprovider.java:16)
	... 22 more
... Removed 30 stack frames</pre></div><a href='#' onClick='toggleBox("stack-trace2030538903", this, "Click to show all stack frames", "Click to hide stack frames")'>Click to show all stack frames</a>
<div class='stack-trace' id='stack-trace2030538903'><pre>java.lang.RuntimeException: mapping values are not allowed here
 in &quot;&lt;reader&gt;&quot;, line 3, column 11:
    testObject:
              ^

	at org.testng.internal.MethodInvocationHelper.invokeMethodNoCheckedException(MethodInvocationHelper.java:45)
	at org.testng.internal.MethodInvocationHelper.invokeDataProvider(MethodInvocationHelper.java:113)
	at org.testng.internal.Parameters.handleParameters(Parameters.java:436)
	at org.testng.internal.Invoker.handleParameters(Invoker.java:1253)
	at org.testng.internal.Invoker.createParameters(Invoker.java:980)
	at org.testng.internal.Invoker.invokeTestMethods(Invoker.java:1070)
	at org.testng.internal.TestMethodWorker.invokeTestMethods(TestMethodWorker.java:129)
	at org.testng.internal.TestMethodWorker.run(TestMethodWorker.java:112)
	at org.testng.TestRunner.privateRun(TestRunner.java:753)
	at org.testng.TestRunner.run(TestRunner.java:607)
	at org.testng.SuiteRunner.runTest(SuiteRunner.java:368)
	at org.testng.SuiteRunner.runSequentially(SuiteRunner.java:363)
	at org.testng.SuiteRunner.privateRun(SuiteRunner.java:321)
	at org.testng.SuiteRunner.run(SuiteRunner.java:270)
	at org.testng.SuiteRunnerWorker.runSuite(SuiteRunnerWorker.java:52)
	at org.testng.SuiteRunnerWorker.run(SuiteRunnerWorker.java:86)
	at org.testng.TestNG.runSuitesSequentially(TestNG.java:1284)
	at org.testng.TestNG.runSuitesLocally(TestNG.java:1209)
	at org.testng.TestNG.runSuites(TestNG.java:1124)
	at org.testng.TestNG.run(TestNG.java:1096)
	at org.testng.remote.AbstractRemoteTestNG.run(AbstractRemoteTestNG.java:126)
	at org.testng.remote.RemoteTestNG.initAndRun(RemoteTestNG.java:152)
	at org.testng.remote.RemoteTestNG.main(RemoteTestNG.java:57)
Caused by: mapping values are not allowed here
 in &quot;&lt;reader&gt;&quot;, line 3, column 11:
    testObject:
              ^

	at org.yaml.snakeyaml.scanner.ScannerImpl.fetchValue(ScannerImpl.java:742)
	at org.yaml.snakeyaml.scanner.ScannerImpl.fetchMoreTokens(ScannerImpl.java:304)
	at org.yaml.snakeyaml.scanner.ScannerImpl.peekToken(ScannerImpl.java:201)
	at org.yaml.snakeyaml.parser.ParserImpl$ParseDocumentEnd.produce(ParserImpl.java:266)
	at org.yaml.snakeyaml.parser.ParserImpl.peekEvent(ParserImpl.java:162)
	at org.yaml.snakeyaml.parser.ParserImpl.getEvent(ParserImpl.java:172)
	at org.yaml.snakeyaml.composer.Composer.composeDocument(Composer.java:123)
	at org.yaml.snakeyaml.composer.Composer.getNode(Composer.java:83)
	at org.yaml.snakeyaml.constructor.BaseConstructor.getData(BaseConstructor.java:101)
	at org.yaml.snakeyaml.Loader$1.next(Loader.java:64)
	at rest.automation.netflix.BaseYAMLDataProvider.&lt;init&gt;(BaseYAMLDataProvider.java:47)
	at rest.automation.netflix.NetflixYamlProvider.&lt;init&gt;(NetflixYamlProvider.java:24)
	at rest.automation.netflix.NetflixYamlProvider.getNetflixTestData(NetflixYamlProvider.java:79)
	at rest.automation.netflix.Dataprovider.getTestDataFromYaml(Dataprovider.java:16)
	at sun.reflect.NativeMethodAccessorImpl.invoke0(Native Method)
	at sun.reflect.NativeMethodAccessorImpl.invoke(Unknown Source)
	at sun.reflect.DelegatingMethodAccessorImpl.invoke(Unknown Source)
	at java.lang.reflect.Method.invoke(Unknown Source)
	at org.testng.internal.MethodInvocationHelper.invokeMethod(MethodInvocationHelper.java:100)
	at org.testng.internal.MethodInvocationHelper.invokeMethod(MethodInvocationHelper.java:51)
	at org.testng.internal.MethodInvocationHelper.invokeMethodNoCheckedException(MethodInvocationHelper.java:41)
	... 22 more
</pre></div></td>
<td>0</td>
<td>rest.automation.netflix.TestClass@10e92f8f</td></tr>
</table><p>
</body>
</html>