<?xml version="1.0" encoding="UTF-8"?>
<testng-results skipped="0" failed="1" total="1" passed="0">
  <reporter-output>
  </reporter-output>
  <suite name="Suite" duration-ms="1011" started-at="2017-02-13T04:10:01Z" finished-at="2017-02-13T04:10:02Z">
    <groups>
    </groups>
    <test name="searchMovies" duration-ms="1011" started-at="2017-02-13T04:10:01Z" finished-at="2017-02-13T04:10:02Z">
      <class name="rest.automation.netflix.TestClass">
        <test-method status="FAIL" signature="TestValidateResponse(java.lang.String, int, int, java.lang.String, java.lang.String, java.lang.String)[pri:0, instance:rest.automation.netflix.TestClass@62ee68d8]" name="TestValidateResponse" duration-ms="955" started-at="2017-02-12T20:10:01Z" data-provider="searchMovieDetails" finished-at="2017-02-12T20:10:02Z">
          <params>
            <param index="0">
              <value>
                <![CDATA[Titanic]]>
              </value>
            </param>
            <param index="1">
              <value>
                <![CDATA[35]]>
              </value>
            </param>
            <param index="2">
              <value>
                <![CDATA[1181461]]>
              </value>
            </param>
            <param index="3">
              <value>
                <![CDATA[Titanic]]>
              </value>
            </param>
            <param index="4">
              <value>
                <![CDATA[1997]]>
              </value>
            </param>
            <param index="5">
              <value>
                <![CDATA[James Cameron]]>
              </value>
            </param>
          </params>
          <exception class="java.lang.AssertionError">
            <message>
              <![CDATA[unit not matches expected [35] but found [352]]]>
            </message>
            <full-stacktrace>
              <![CDATA[java.lang.AssertionError: unit not matches expected [35] but found [352]
	at org.testng.Assert.fail(Assert.java:94)
	at org.testng.Assert.failNotEquals(Assert.java:513)
	at org.testng.Assert.assertEqualsImpl(Assert.java:135)
	at org.testng.Assert.assertEquals(Assert.java:116)
	at org.testng.Assert.assertEquals(Assert.java:389)
	at rest.automation.netflix.TestClass.validateResponse(TestClass.java:68)
	at rest.automation.netflix.TestClass.TestValidateResponse(TestClass.java:46)
	at sun.reflect.NativeMethodAccessorImpl.invoke0(Native Method)
	at sun.reflect.NativeMethodAccessorImpl.invoke(Unknown Source)
	at sun.reflect.DelegatingMethodAccessorImpl.invoke(Unknown Source)
	at java.lang.reflect.Method.invoke(Unknown Source)
	at org.testng.internal.MethodInvocationHelper.invokeMethod(MethodInvocationHelper.java:100)
	at org.testng.internal.Invoker.invokeMethod(Invoker.java:646)
	at org.testng.internal.Invoker.invokeTestMethod(Invoker.java:811)
	at org.testng.internal.Invoker.invokeTestMethods(Invoker.java:1137)
	at org.testng.internal.TestMethodWorker.invokeTestMethods(TestMethodWorker.java:129)
	at org.testng.internal.TestMethodWorker.run(TestMethodWorker.java:112)
	at org.testng.TestRunner.privateRun(TestRunner.java:753)
	at org.testng.TestRunner.run(TestRunner.java:607)
	at org.testng.SuiteRunner.runTest(SuiteRunner.java:368)
	at org.testng.SuiteRunner.runSequentially(SuiteRunner.java:363)
	at org.testng.SuiteRunner.privateRun(SuiteRunner.java:321)
	at org.testng.SuiteRunner.run(SuiteRunner.java:270)
	at org.testng.SuiteRunnerWorker.runSuite(SuiteRunnerWorker.java:52)
	at org.testng.SuiteRunnerWorker.run(SuiteRunnerWorker.java:86)
	at org.testng.TestNG.runSuitesSequentially(TestNG.java:1284)
	at org.testng.TestNG.runSuitesLocally(TestNG.java:1209)
	at org.testng.TestNG.runSuites(TestNG.java:1124)
	at org.testng.TestNG.run(TestNG.java:1096)
	at org.testng.remote.AbstractRemoteTestNG.run(AbstractRemoteTestNG.java:126)
	at org.testng.remote.RemoteTestNG.initAndRun(RemoteTestNG.java:152)
	at org.testng.remote.RemoteTestNG.main(RemoteTestNG.java:57)
]]>
            </full-stacktrace>
          </exception> <!-- java.lang.AssertionError -->
          <reporter-output>
          </reporter-output>
        </test-method> <!-- TestValidateResponse -->
      </class> <!-- rest.automation.netflix.TestClass -->
    </test> <!-- searchMovies -->
  </suite> <!-- Suite -->
</testng-results>
